<?xml version="1.0" encoding="UTF-8"?>
<!-- Generated by org.testng.reporters.JUnitReportReporter -->
<testsuite hostname="LAPTOP-M9DA7RCN" failures="0" tests="2" name="PAC1.TC009_1" time="29.879" errors="0" timestamp="2025-08-28T13:09:44 IST" skipped="0">
  <testcase classname="PAC1.TC009_1" name="f" time="8.559"/>
  <system-out/>
  <testcase classname="PAC1.TC009_1" name="f" time="21.320"/>
  <system-out/>
</testsuite> <!-- PAC1.TC009_1 -->
