<?xml version="1.0" encoding="UTF-8"?>
<!-- Generated by org.testng.reporters.JUnitReportReporter -->
<testsuite hostname="LAPTOP-M9DA7RCN" failures="0" tests="3" name="PAC1.TC014" time="34.392" errors="0" timestamp="2025-08-29T15:27:10 IST" skipped="0">
  <testcase classname="PAC1.TC014" name="test2" time="7.914"/>
  <system-out/>
  <testcase classname="PAC1.TC014" name="test2" time="9.372"/>
  <system-out/>
  <testcase classname="PAC1.TC014" name="test2" time="17.106"/>
  <system-out/>
</testsuite> <!-- PAC1.TC014 -->
