<?xml version="1.0" encoding="UTF-8"?>
<!-- Generated by org.testng.reporters.JUnitReportReporter -->
<testsuite hostname="LAPTOP-M9DA7RCN" failures="0" tests="5" name="PAC1.HOME_TC_YELLOW" time="2.330" errors="0" timestamp="2025-08-29T09:58:41 IST" skipped="0">
  <testcase classname="PAC1.HOME_TC_YELLOW" name="verifyFeatureItemsSection" time="0.099"/>
  <system-out/>
  <testcase classname="PAC1.HOME_TC_YELLOW" name="verifyAddToCartIcon" time="0.033"/>
  <system-out/>
  <testcase classname="PAC1.HOME_TC_YELLOW" name="verifyProductCostDisplayed" time="0.090"/>
  <system-out/>
  <testcase classname="PAC1.HOME_TC_YELLOW" name="verifyViewProductButton" time="0.037"/>
  <system-out/>
  <testcase classname="PAC1.HOME_TC_YELLOW" name="verifyRedirectToProductDetails" time="2.071"/>
  <system-out/>
</testsuite> <!-- PAC1.HOME_TC_YELLOW -->
