<?xml version="1.0" encoding="UTF-8"?>
<!-- Generated by org.testng.reporters.JUnitReportReporter -->
<testsuite hostname="LAPTOP-M9DA7RCN" failures="0" tests="4" name="PAC1.LOGIN_TC_02" time="1.192" errors="0" timestamp="2025-08-29T10:34:42 IST" skipped="0">
  <testcase classname="PAC1.LOGIN_TC_02" name="verifyContactUsButton" time="0.380"/>
  <system-out/>
  <testcase classname="PAC1.LOGIN_TC_02" name="verifyScrollBar" time="0.216"/>
  <system-out/>
  <testcase classname="PAC1.LOGIN_TC_02" name="verifySubscriptionSection" time="0.311"/>
  <system-out/>
  <testcase classname="PAC1.LOGIN_TC_02" name="verifySubscriptionEmailField" time="0.285"/>
  <system-out/>
</testsuite> <!-- PAC1.LOGIN_TC_02 -->
