<?xml version="1.0" encoding="UTF-8"?>
<!-- Generated by org.testng.reporters.JUnitReportReporter -->
<testsuite hostname="LAPTOP-M9DA7RCN" failures="0" tests="2" name="PAC1.l8_2" time="7.349" errors="0" timestamp="2025-08-26T11:56:39 IST" skipped="0">
  <testcase classname="PAC1.l8_2" name="f" time="3.907"/>
  <system-out/>
  <testcase classname="PAC1.l8_2" name="f" time="3.442"/>
  <system-out/>
</testsuite> <!-- PAC1.l8_2 -->
