<?xml version="1.0" encoding="UTF-8"?>
<!-- Generated by org.testng.reporters.JUnitReportReporter -->
<testsuite hostname="LAPTOP-M9DA7RCN" failures="0" tests="2" name="PAC1.Lab08_JUnit" time="2.244" errors="0" timestamp="2025-08-26T11:21:01 IST" skipped="0">
  <testcase classname="PAC1.Lab08_JUnit" name="testLoginWithJUnit" time="1.781"/>
  <system-out/>
  <testcase classname="PAC1.Lab08_JUnit" name="testSearchProductWithJUnit" time="0.463"/>
  <system-out/>
</testsuite> <!-- PAC1.Lab08_JUnit -->
