<?xml version="1.0" encoding="UTF-8"?>
<!-- Generated by org.testng.reporters.JUnitReportReporter -->
<testsuite hostname="LAPTOP-M9DA7RCN" failures="0" tests="5" name="PAC1.LOGIN_TC_01" time="1.300" errors="0" timestamp="2025-08-29T10:26:13 IST" skipped="0">
  <testcase classname="PAC1.LOGIN_TC_01" name="verifyCartButton" time="0.326"/>
  <system-out/>
  <testcase classname="PAC1.LOGIN_TC_01" name="verifySignupLoginButton" time="0.238"/>
  <system-out/>
  <testcase classname="PAC1.LOGIN_TC_01" name="verifyTestCasesButton" time="0.297"/>
  <system-out/>
  <testcase classname="PAC1.LOGIN_TC_01" name="verifyApiTestingButton" time="0.206"/>
  <system-out/>
  <testcase classname="PAC1.LOGIN_TC_01" name="verifyVideoTutorialsButton" time="0.233"/>
  <system-out/>
</testsuite> <!-- PAC1.LOGIN_TC_01 -->
